<?xml version="1.0" encoding="UTF-8" ?>
<testsuite failures="0" time="1.252" errors="0" skipped="0" tests="8" name="LdapTest">
  <properties>
    <property name="java.runtime.name" value="Java(TM) SE Runtime Environment"/>
    <property name="sun.boot.library.path" value="c:\Java\jdk1.7.0\jre\bin"/>
    <property name="java.vm.version" value="21.0-b17"/>
    <property name="java.vm.vendor" value="Oracle Corporation"/>
    <property name="java.vendor.url" value="http://java.oracle.com/"/>
    <property name="path.separator" value=";"/>
    <property name="java.vm.name" value="Java HotSpot(TM) Client VM"/>
    <property name="file.encoding.pkg" value="sun.io"/>
    <property name="user.script" value=""/>
    <property name="user.country" value="BR"/>
    <property name="sun.java.launcher" value="SUN_STANDARD"/>
    <property name="sun.os.patch.level" value="Service Pack 1"/>
    <property name="java.vm.specification.name" value="Java Virtual Machine Specification"/>
    <property name="user.dir" value="G:\DesenvolvimentoRafael\Workspace\springldap"/>
    <property name="java.runtime.version" value="1.7.0-b147"/>
    <property name="java.awt.graphicsenv" value="sun.awt.Win32GraphicsEnvironment"/>
    <property name="basedir" value="G:\DesenvolvimentoRafael\Workspace\springldap"/>
    <property name="java.endorsed.dirs" value="c:\Java\jdk1.7.0\jre\lib\endorsed"/>
    <property name="os.arch" value="x86"/>
    <property name="surefire.real.class.path" value="G:\DesenvolvimentoRafael\Workspace\springldap\target\surefire\surefirebooter7047230599125626741.jar"/>
    <property name="http.proxyUser" value="sistemafiegafael souza"/>
    <property name="java.io.tmpdir" value="C:\Users\RAFAEL~2\AppData\Local\Temp\"/>
    <property name="line.separator" value="
"/>
    <property name="java.vm.specification.vendor" value="Oracle Corporation"/>
    <property name="user.variant" value=""/>
    <property name="os.name" value="Windows 7"/>
    <property name="sun.jnu.encoding" value="Cp1252"/>
    <property name="java.library.path" value="c:\Java\jdk1.7.0\jre\bin;C:\Windows\Sun\Java\bin;C:\Windows\system32;C:\Windows;C:\Program Files (x86)\NVIDIA Corporation\PhysX\Common;C:\Windows\system32;C:\Windows;C:\Windows\System32\Wbem;C:\Windows\System32\WindowsPowerShell\v1.0\;c:\Java\jdk1.7.0/bin;G:\DesenvolvimentoGetin\apache-maven-3.0.3/bin;C:\DesenvolvimentoGetin\sqlserverx86\100\Tools\Binn\;C:\DesenvolvimentoGetin\sqlserver\100\Tools\Binn\;C:\DesenvolvimentoGetin\sqlserver\100\DTS\Binn\;C:\DesenvolvimentoGetin\sqlserverx86\100\Tools\Binn\VSShell\Common7\IDE\;C:\DesenvolvimentoGetin\sqlserverx86\100\DTS\Binn\;g:\desenvolvimentogetin\less\bin;%CNTLM_HOME%;C:\Program Files\TortoiseSVN\bin;C:\Program Files (x86)\MozBackup\;C:\OpenSSL-Win32\bin;C:\Program Files\jEdit;C:\Program Files (x86)\Calibre2\;G:\DesenvolvimentoGetin\forge-distribution-1.0.0.Final\bin;G:\DesenvolvimentoGetin\jboss-as-7.1.1.Final/bin;C:\Program Files (x86)\WinRAR;C:\Program Files (x86)\7-Zip;C:\Program Files (x86)\Git\cmd;C:\Program Files\TortoiseGit\bin;C:\Program Files (x86)\CVSNT\;."/>
    <property name="http.proxyPort" value="3128"/>
    <property name="surefire.test.class.path" value="G:\DesenvolvimentoRafael\Workspace\springldap\target\test-classes;G:\DesenvolvimentoRafael\Workspace\springldap\target\classes;G:\deploy\maven\commons-pool\commons-pool\20030825.183949\commons-pool-20030825.183949.jar;G:\deploy\maven\org\springframework\spring-context\3.2.0.RELEASE\spring-context-3.2.0.RELEASE.jar;G:\deploy\maven\org\springframework\spring-core\3.2.0.RELEASE\spring-core-3.2.0.RELEASE.jar;G:\deploy\maven\org\springframework\spring-aop\3.2.0.RELEASE\spring-aop-3.2.0.RELEASE.jar;G:\deploy\maven\aopalliance\aopalliance\1.0\aopalliance-1.0.jar;G:\deploy\maven\org\springframework\spring-expression\3.2.0.RELEASE\spring-expression-3.2.0.RELEASE.jar;G:\deploy\maven\org\springframework\spring-beans\3.2.0.RELEASE\spring-beans-3.2.0.RELEASE.jar;G:\deploy\maven\org\springframework\spring-webmvc\3.2.0.RELEASE\spring-webmvc-3.2.0.RELEASE.jar;G:\deploy\maven\org\springframework\spring-web\3.2.0.RELEASE\spring-web-3.2.0.RELEASE.jar;G:\deploy\maven\junit\junit\4.10\junit-4.10.jar;G:\deploy\maven\org\hamcrest\hamcrest-core\1.1\hamcrest-core-1.1.jar;G:\deploy\maven\org\springframework\spring-test\3.2.0.RELEASE\spring-test-3.2.0.RELEASE.jar;G:\deploy\maven\org\springframework\ldap\spring-ldap-core\1.3.1.RELEASE\spring-ldap-core-1.3.1.RELEASE.jar;G:\deploy\maven\commons-logging\commons-logging\1.0.4\commons-logging-1.0.4.jar;G:\deploy\maven\commons-lang\commons-lang\2.5\commons-lang-2.5.jar;G:\deploy\maven\org\springframework\spring-tx\3.0.5.RELEASE\spring-tx-3.0.5.RELEASE.jar;G:\deploy\maven\org\springframework\ldap\spring-ldap-core-tiger\1.3.1.RELEASE\spring-ldap-core-tiger-1.3.1.RELEASE.jar;G:\deploy\maven\org\springframework\ldap\spring-ldap-odm\1.3.1.RELEASE\spring-ldap-odm-1.3.1.RELEASE.jar;G:\deploy\maven\org\freemarker\freemarker\2.3.9\freemarker-2.3.9.jar;G:\deploy\maven\commons-cli\commons-cli\1.2\commons-cli-1.2.jar;G:\deploy\maven\log4j\log4j\1.2.15\log4j-1.2.15.jar;G:\deploy\maven\javax\mail\mail\1.4\mail-1.4.jar;G:\deploy\maven\javax\activation\activation\1.1\activation-1.1.jar;G:\deploy\maven\org\springframework\ldap\spring-ldap-ldif-core\1.3.1.RELEASE\spring-ldap-ldif-core-1.3.1.RELEASE.jar;G:\deploy\maven\org\springframework\ldap\spring-ldap-ldif-batch\1.3.1.RELEASE\spring-ldap-ldif-batch-1.3.1.RELEASE.jar;G:\deploy\maven\org\springframework\batch\spring-batch-core\2.0.3.RELEASE\spring-batch-core-2.0.3.RELEASE.jar;G:\deploy\maven\com\thoughtworks\xstream\xstream\1.3\xstream-1.3.jar;G:\deploy\maven\xpp3\xpp3_min\1.1.4c\xpp3_min-1.1.4c.jar;G:\deploy\maven\org\codehaus\jettison\jettison\1.0\jettison-1.0.jar;G:\deploy\maven\org\springframework\batch\spring-batch-infrastructure\2.0.3.RELEASE\spring-batch-infrastructure-2.0.3.RELEASE.jar;G:\deploy\maven\servlet-api\servlet-api\servlet-api\servlet-api-servlet-api.jar;G:\deploy\maven\javax\servlet\jsp\jsp-api\2.1\jsp-api-2.1.jar;G:\deploy\maven\jstl\jstl\1.2\jstl-1.2.jar;G:\deploy\maven\commons-collections\commons-collections\3.2.1\commons-collections-3.2.1.jar;G:\deploy\maven\org\aspectj\aspectjrt\1.6.8\aspectjrt-1.6.8.jar;G:\deploy\maven\org\aspectj\aspectjweaver\1.6.8\aspectjweaver-1.6.8.jar;"/>
    <property name="java.specification.name" value="Java Platform API Specification"/>
    <property name="java.class.version" value="51.0"/>
    <property name="sun.management.compiler" value="HotSpot Client Compiler"/>
    <property name="http.proxyPassword" value="ouierounou"/>
    <property name="os.version" value="6.1"/>
    <property name="user.home" value="C:\Users\rafael souza"/>
    <property name="user.timezone" value="GMT-03:00"/>
    <property name="java.awt.printerjob" value="sun.awt.windows.WPrinterJob"/>
    <property name="java.specification.version" value="1.7"/>
    <property name="file.encoding" value="Cp1252"/>
    <property name="user.name" value="rafael souza"/>
    <property name="java.class.path" value="G:\DesenvolvimentoRafael\Workspace\springldap\target\test-classes;G:\DesenvolvimentoRafael\Workspace\springldap\target\classes;G:\deploy\maven\commons-pool\commons-pool\20030825.183949\commons-pool-20030825.183949.jar;G:\deploy\maven\org\springframework\spring-context\3.2.0.RELEASE\spring-context-3.2.0.RELEASE.jar;G:\deploy\maven\org\springframework\spring-core\3.2.0.RELEASE\spring-core-3.2.0.RELEASE.jar;G:\deploy\maven\org\springframework\spring-aop\3.2.0.RELEASE\spring-aop-3.2.0.RELEASE.jar;G:\deploy\maven\aopalliance\aopalliance\1.0\aopalliance-1.0.jar;G:\deploy\maven\org\springframework\spring-expression\3.2.0.RELEASE\spring-expression-3.2.0.RELEASE.jar;G:\deploy\maven\org\springframework\spring-beans\3.2.0.RELEASE\spring-beans-3.2.0.RELEASE.jar;G:\deploy\maven\org\springframework\spring-webmvc\3.2.0.RELEASE\spring-webmvc-3.2.0.RELEASE.jar;G:\deploy\maven\org\springframework\spring-web\3.2.0.RELEASE\spring-web-3.2.0.RELEASE.jar;G:\deploy\maven\junit\junit\4.10\junit-4.10.jar;G:\deploy\maven\org\hamcrest\hamcrest-core\1.1\hamcrest-core-1.1.jar;G:\deploy\maven\org\springframework\spring-test\3.2.0.RELEASE\spring-test-3.2.0.RELEASE.jar;G:\deploy\maven\org\springframework\ldap\spring-ldap-core\1.3.1.RELEASE\spring-ldap-core-1.3.1.RELEASE.jar;G:\deploy\maven\commons-logging\commons-logging\1.0.4\commons-logging-1.0.4.jar;G:\deploy\maven\commons-lang\commons-lang\2.5\commons-lang-2.5.jar;G:\deploy\maven\org\springframework\spring-tx\3.0.5.RELEASE\spring-tx-3.0.5.RELEASE.jar;G:\deploy\maven\org\springframework\ldap\spring-ldap-core-tiger\1.3.1.RELEASE\spring-ldap-core-tiger-1.3.1.RELEASE.jar;G:\deploy\maven\org\springframework\ldap\spring-ldap-odm\1.3.1.RELEASE\spring-ldap-odm-1.3.1.RELEASE.jar;G:\deploy\maven\org\freemarker\freemarker\2.3.9\freemarker-2.3.9.jar;G:\deploy\maven\commons-cli\commons-cli\1.2\commons-cli-1.2.jar;G:\deploy\maven\log4j\log4j\1.2.15\log4j-1.2.15.jar;G:\deploy\maven\javax\mail\mail\1.4\mail-1.4.jar;G:\deploy\maven\javax\activation\activation\1.1\activation-1.1.jar;G:\deploy\maven\org\springframework\ldap\spring-ldap-ldif-core\1.3.1.RELEASE\spring-ldap-ldif-core-1.3.1.RELEASE.jar;G:\deploy\maven\org\springframework\ldap\spring-ldap-ldif-batch\1.3.1.RELEASE\spring-ldap-ldif-batch-1.3.1.RELEASE.jar;G:\deploy\maven\org\springframework\batch\spring-batch-core\2.0.3.RELEASE\spring-batch-core-2.0.3.RELEASE.jar;G:\deploy\maven\com\thoughtworks\xstream\xstream\1.3\xstream-1.3.jar;G:\deploy\maven\xpp3\xpp3_min\1.1.4c\xpp3_min-1.1.4c.jar;G:\deploy\maven\org\codehaus\jettison\jettison\1.0\jettison-1.0.jar;G:\deploy\maven\org\springframework\batch\spring-batch-infrastructure\2.0.3.RELEASE\spring-batch-infrastructure-2.0.3.RELEASE.jar;G:\deploy\maven\servlet-api\servlet-api\servlet-api\servlet-api-servlet-api.jar;G:\deploy\maven\javax\servlet\jsp\jsp-api\2.1\jsp-api-2.1.jar;G:\deploy\maven\jstl\jstl\1.2\jstl-1.2.jar;G:\deploy\maven\commons-collections\commons-collections\3.2.1\commons-collections-3.2.1.jar;G:\deploy\maven\org\aspectj\aspectjrt\1.6.8\aspectjrt-1.6.8.jar;G:\deploy\maven\org\aspectj\aspectjweaver\1.6.8\aspectjweaver-1.6.8.jar;"/>
    <property name="java.vm.specification.version" value="1.7"/>
    <property name="sun.arch.data.model" value="32"/>
    <property name="java.home" value="c:\Java\jdk1.7.0\jre"/>
    <property name="sun.java.command" value="G:\DesenvolvimentoRafael\Workspace\springldap\target\surefire\surefirebooter7047230599125626741.jar G:\DesenvolvimentoRafael\Workspace\springldap\target\surefire\surefire4075540181275587138tmp G:\DesenvolvimentoRafael\Workspace\springldap\target\surefire\surefire4055326246799814396tmp"/>
    <property name="java.specification.vendor" value="Oracle Corporation"/>
    <property name="user.language" value="pt"/>
    <property name="awt.toolkit" value="sun.awt.windows.WToolkit"/>
    <property name="java.vm.info" value="mixed mode, sharing"/>
    <property name="java.version" value="1.7.0"/>
    <property name="java.ext.dirs" value="c:\Java\jdk1.7.0\jre\lib\ext;C:\Windows\Sun\Java\lib\ext"/>
    <property name="sun.boot.class.path" value="c:\Java\jdk1.7.0\jre\lib\resources.jar;c:\Java\jdk1.7.0\jre\lib\rt.jar;c:\Java\jdk1.7.0\jre\lib\sunrsasign.jar;c:\Java\jdk1.7.0\jre\lib\jsse.jar;c:\Java\jdk1.7.0\jre\lib\jce.jar;c:\Java\jdk1.7.0\jre\lib\charsets.jar;c:\Java\jdk1.7.0\jre\classes"/>
    <property name="http.proxyHost" value="10.21.152.13"/>
    <property name="java.vendor" value="Oracle Corporation"/>
    <property name="localRepository" value="G:\deploy\maven"/>
    <property name="file.separator" value="\"/>
    <property name="java.vendor.url.bug" value="http://bugreport.sun.com/bugreport/"/>
    <property name="sun.cpu.endian" value="little"/>
    <property name="sun.io.unicode.encoding" value="UnicodeLittle"/>
    <property name="sun.desktop" value="windows"/>
    <property name="sun.cpu.isalist" value="pentium_pro+mmx pentium_pro pentium+mmx pentium i486 i386 i86"/>
  </properties>
  <testcase time="0.654" classname="LdapTest" name="testeAuthSucc1"/>
  <testcase time="0.027" classname="LdapTest" name="testeAuthSucc2"/>
  <testcase time="0.069" classname="LdapTest" name="testeAuthFail1"/>
  <testcase time="0.034" classname="LdapTest" name="testeAdAuth"/>
  <testcase time="0.062" classname="LdapTest" name="testeMockMvc"/>
  <testcase time="0.093" classname="LdapTest" name="testeFail2"/>
  <testcase time="0.052" classname="LdapTest" name="javaPuroAcc"/>
  <testcase time="0.08" classname="LdapTest" name="javaPuroFail"/>
</testsuite>